<?xml version="1.0" encoding="UTF-8"?>
<!-- Generated by org.testng.reporters.JUnitReportReporter -->
<testsuite skipped="0" hostname="DESKTOP-D2PVE9H" name="com.mycompany.rental.regression.AdminManagePages" tests="1" failures="0" timestamp="2019-12-21T18:30:00 IST" time="26.286" errors="0">
  <testcase name="AdminManagePages" time="26.286" classname="com.mycompany.rental.regression.AdminManagePages"/>
</testsuite> <!-- com.mycompany.rental.regression.AdminManagePages -->
