<?xml version="1.0" encoding="UTF-8"?>
<!-- Generated by org.testng.reporters.JUnitReportReporter -->
<testsuite skipped="0" hostname="DESKTOP-D2PVE9H" name="com.mycompany.rental.regression.AdminListedBrands" tests="1" failures="0" timestamp="2019-12-23T11:25:02 IST" time="16.011" errors="0">
  <testcase name="adminListedBrands" time="16.011" classname="com.mycompany.rental.regression.AdminListedBrands"/>
</testsuite> <!-- com.mycompany.rental.regression.AdminListedBrands -->
