<?xml version="1.0" encoding="UTF-8"?>
<!-- Generated by org.testng.reporters.JUnitReportReporter -->
<testsuite skipped="0" hostname="DESKTOP-D2PVE9H" name="com.mycompany.rental.regression.AdminBrands" tests="1" failures="0" timestamp="2019-12-20T12:35:32 IST" time="12.797" errors="0">
  <testcase name="Adminsignin" time="12.797" classname="com.mycompany.rental.regression.AdminBrands"/>
</testsuite> <!-- com.mycompany.rental.regression.AdminBrands -->
