<?xml version="1.0" encoding="UTF-8"?>
<!-- Generated by org.testng.reporters.JUnitReportReporter -->
<testsuite skipped="0" hostname="DESKTOP-D2PVE9H" name="com.mycompany.rental.regression.AdminLogin" tests="1" failures="0" timestamp="2019-12-18T22:34:49 IST" time="20.841" errors="0">
  <testcase name="Adminsignin" time="20.841" classname="com.mycompany.rental.regression.AdminLogin"/>
</testsuite> <!-- com.mycompany.rental.regression.AdminLogin -->
