<?xml version="1.0" encoding="UTF-8"?>
<!-- Generated by org.testng.reporters.JUnitReportReporter -->
<testsuite skipped="0" hostname="DESKTOP-D2PVE9H" name="com.mycompany.rental.regression.AdminPostVehicle" tests="1" failures="0" timestamp="2019-12-20T12:34:28 IST" time="17.068" errors="0">
  <testcase name="Adminsignin" time="17.068" classname="com.mycompany.rental.regression.AdminPostVehicle"/>
</testsuite> <!-- com.mycompany.rental.regression.AdminPostVehicle -->
