<?xml version="1.0" encoding="UTF-8"?>
<!-- Generated by org.testng.reporters.JUnitReportReporter -->
<testsuite skipped="0" hostname="DESKTOP-D2PVE9H" name="com.mycompany.rental.regression.AdminListedVehicles" tests="1" failures="0" timestamp="2019-12-23T11:05:20 IST" time="15.765" errors="0">
  <testcase name="AdminListedVehicles" time="15.765" classname="com.mycompany.rental.regression.AdminListedVehicles"/>
</testsuite> <!-- com.mycompany.rental.regression.AdminListedVehicles -->
