<?xml version="1.0" encoding="UTF-8"?>
<!-- Generated by org.testng.reporters.JUnitReportReporter -->
<testsuite skipped="0" hostname="DESKTOP-D2PVE9H" name="com.mycompany.rental.regression.AdminSubscribers" tests="1" failures="0" timestamp="2019-12-22T17:12:16 IST" time="19.342" errors="0">
  <testcase name="adminSubscribers" time="19.342" classname="com.mycompany.rental.regression.AdminSubscribers"/>
</testsuite> <!-- com.mycompany.rental.regression.AdminSubscribers -->
