<?xml version="1.0" encoding="UTF-8"?>
<!-- Generated by org.testng.reporters.JUnitReportReporter -->
<testsuite skipped="0" hostname="DESKTOP-D2PVE9H" name="com.mycompany.rental.regression.AdminManageBookings" tests="1" failures="0" timestamp="2019-12-22T11:10:15 IST" time="9.841" errors="0">
  <testcase name="AdminManageBookings" time="9.841" classname="com.mycompany.rental.regression.AdminManageBookings"/>
</testsuite> <!-- com.mycompany.rental.regression.AdminManageBookings -->
