<?xml version="1.0" encoding="UTF-8"?>
<!-- Generated by org.testng.reporters.JUnitReportReporter -->
<testsuite skipped="0" hostname="DESKTOP-D2PVE9H" name="com.mycompany.rental.regression.AdminUpdateContacts" tests="1" failures="0" timestamp="2019-12-22T17:12:16 IST" time="16.420" errors="0">
  <testcase name="AdminUpdateContact" time="16.420" classname="com.mycompany.rental.regression.AdminUpdateContacts"/>
</testsuite> <!-- com.mycompany.rental.regression.AdminUpdateContacts -->
